[2022-10-05 00:29:15.027] [exthost] [info] Extension host with pid 32143 started
[2022-10-05 00:29:15.460] [exthost] [info] ExtensionService#_doActivateExtension vscode.microsoft-authentication, startup: false, activationEvent: 'onAuthenticationRequest:microsoft'
[2022-10-05 00:29:15.797] [exthost] [info] ExtensionService#_doActivateExtension vscode.debug-auto-launch, startup: true, activationEvent: '*'
[2022-10-05 00:29:15.816] [exthost] [info] ExtensionService#_doActivateExtension vscode.git-base, startup: true, activationEvent: '*', root cause: vscode.git
[2022-10-05 00:29:15.852] [exthost] [info] ExtensionService#_doActivateExtension vscode.ipynb, startup: true, activationEvent: '*'
[2022-10-05 00:29:15.952] [exthost] [info] ExtensionService#_doActivateExtension GitHub.codespaces, startup: true, activationEvent: '*'
[2022-10-05 00:29:18.302] [exthost] [info] ExtensionService#_doActivateExtension vscode.git, startup: true, activationEvent: '*'
[2022-10-05 00:29:18.569] [exthost] [info] ExtensionService#_doActivateExtension vscode.github, startup: true, activationEvent: '*'
[2022-10-05 00:29:20.198] [exthost] [info] ExtensionService#_doActivateExtension vscode.github-authentication, startup: false, activationEvent: 'api', root cause: GitHub.codespaces
[2022-10-05 00:29:21.748] [exthost] [info] Eager extensions activated
[2022-10-05 00:29:21.752] [exthost] [info] ExtensionService#_doActivateExtension vscode.emmet, startup: false, activationEvent: 'onStartupFinished'
[2022-10-05 00:29:21.816] [exthost] [info] ExtensionService#_doActivateExtension vscode.merge-conflict, startup: false, activationEvent: 'onStartupFinished'
[2022-10-05 00:31:41.516] [exthost] [info] Extension host terminating: received terminate message from renderer
[2022-10-05 00:31:41.570] [exthost] [info] Extension host with pid 32143 exiting with code 0
[2022-10-05 00:31:47.650] [exthost] [info] Extension host with pid 33145 started
[2022-10-05 00:31:47.651] [exthost] [info] Skipping acquiring lock for /home/nikonius/.config/Code/User/workspaceStorage/a5c82c64bc43e16a014bccf5341947de.
[2022-10-05 00:31:47.743] [exthost] [info] $getCanonicalURI invoked for authority (codespaces)
[2022-10-05 00:31:47.806] [exthost] [info] ExtensionService#_doActivateExtension GitHub.codespaces, startup: false, activationEvent: 'onResolveRemoteAuthority:codespaces'
[2022-10-05 00:31:50.981] [exthost] [info] ExtensionService#_doActivateExtension vscode.github-authentication, startup: false, activationEvent: 'api', root cause: GitHub.codespaces
[2022-10-05 00:31:51.681] [exthost] [info] $resolveAuthority invoked for authority (codespaces)
[2022-10-05 00:56:32.514] [exthost] [info] Extension host terminating: received terminate message from renderer
[2022-10-05 00:56:32.517] [exthost] [info] Extension host with pid 33145 exiting with code 0
