[Client I] isRunningInWeb: "false"
[Client V] Initializing authentication
[Authentication I] Did not find existing login session
[Authentication I] Did not find existing login session
[API I] Signing out due to unsuccessful sign in attempt
[Client:extension:70ad I] initializing
[Client:extension:70ad I] creating LiveShare ConnectionHub, with type: "main thread"
[Client:extension:70ad I] 1 connections used: > object #0: [object Object]
[Client:extension:70ad:resolver I] created with protocol "codespaces"
[RemoteExplorer I] Updating codespace performance info
[Client:extension:70ad:resolver:resolve:1 I] resolve retry #3
[Client:extension:70ad:resolver:resolve:1 I] resolving "codespaces+cliffcheney-code50-11088342-5gq974gpw66hxxp"
[Client:extension:70ad:resolver:resolve:1 I] codespace: "cliffcheney-code50-11088342-5gq974gpw66hxxp", fetching details
[Client:extension:70ad:resolver:resolve:1:fetch-codespace-info I] fetching codespace details for "cliffcheney-code50-11088342-5gq974gpw66hxxp"
[Client V] connect duration: 13 ms
[Client:extension:70ad:resolver E] resolve failed (3 retries left): > object #0: Please sign in to the GitHub Codespaces extension before connecting to a codespace.
  at fetchCodespaceInfo (/home/nikonius/.vscode/extensions/github.codespaces-1.10.6/src/utils/fetchCodespaceInfo.ts:81:38)
  at /home/nikonius/.vscode/extensions/utils/dist/src/utils/withMutexByArguments.js:60:1
  at Generator.next (<anonymous>)
  at /home/nikonius/.vscode/extensions/utils/dist/src/utils/withMutexByArguments.js:8:1
  at new Promise (<anonymous>)
  at __webpack_modules__.27746.__awaiter (/home/nikonius/.vscode/extensions/utils/dist/src/utils/withMutexByArguments.js:4:1)
  at Timeout._onTimeout (/home/nikonius/.vscode/extensions/utils/dist/src/utils/withMutexByArguments.js:58:1)
  at listOnTimeout (node:internal/timers:559:17)
  at processTimers (node:internal/timers:502:7)
[Client:extension:70ad:resolver V] attaching client logs
[Client:extension:70ad:resolver V] attaching client logs
[Client:extension:70ad:resolver:workspace-hub-client:logs: V] Agent lock on:</<redacte/<redacte.lock>
[Client:extension:70ad:resolver:workspace-hub-client:logs: V] Finished agent startup...
[Client:extension:70ad:resolver:workspace-hub-client:logs: V] Agent unlocked
[Client:extension:70ad:resolver:workspace-hub-client:logs: I] rpc server address info:/tmp/CoreFxPipe_hw.d5d3e0d1729f1aad5c97997976479319 retry:119
[Client:extension:70ad:resolver:workspace-hub-client:logs: V] subscribing to onDispose event
[Client:extension:70ad:resolver:workspace-hub-client:logs: I] hub client successfully created on pipe:/tmp/CoreFxPipe_hw.d5d3e0d1729f1aad5c97997976479319
[Client V] < logService.getLogs()
[Client V] > logService.getLogs() succeeded t:16.0
[Client:extension:70ad:resolver V] attaching client logs
[Client:extension:70ad:resolver:resolve:1 I] resolve retry #2
[Client:extension:70ad:resolver:resolve:1 I] resolving "codespaces+cliffcheney-code50-11088342-5gq974gpw66hxxp"
[Client:extension:70ad:resolver:resolve:1 I] codespace: "cliffcheney-code50-11088342-5gq974gpw66hxxp", fetching details
[Client:extension:70ad:resolver:resolve:1:fetch-codespace-info I] fetching codespace details for "cliffcheney-code50-11088342-5gq974gpw66hxxp"
[Client V] connect duration: 6 ms
[Client:extension:70ad:resolver E] resolve failed (2 retries left): > object #0: Please sign in to the GitHub Codespaces extension before connecting to a codespace.
  at fetchCodespaceInfo (/home/nikonius/.vscode/extensions/github.codespaces-1.10.6/src/utils/fetchCodespaceInfo.ts:81:38)
  at /home/nikonius/.vscode/extensions/utils/dist/src/utils/withMutexByArguments.js:60:1
  at Generator.next (<anonymous>)
  at /home/nikonius/.vscode/extensions/utils/dist/src/utils/withMutexByArguments.js:8:1
  at new Promise (<anonymous>)
  at __webpack_modules__.27746.__awaiter (/home/nikonius/.vscode/extensions/utils/dist/src/utils/withMutexByArguments.js:4:1)
  at Timeout._onTimeout (/home/nikonius/.vscode/extensions/utils/dist/src/utils/withMutexByArguments.js:58:1)
  at listOnTimeout (node:internal/timers:559:17)
  at processTimers (node:internal/timers:502:7)
[Client:extension:70ad:resolver V] attaching client logs
[Client:extension:70ad:resolver V] attaching client logs
[Client:extension:70ad:resolver:workspace-hub-client:logs: V] subscribing to onDispose event
[Client:extension:70ad:resolver:workspace-hub-client:logs: I] hub client successfully created on pipe:hw.d5d3e0d1729f1aad5c97997976479319
[Client V] < logService.getLogs()
[Client V] > logService.getLogs() succeeded t:3.0
[Client:extension:70ad:resolver V] attaching client logs
[Client:extension:70ad:resolver:resolve:1 I] resolve retry #1
[Client:extension:70ad:resolver:resolve:1 I] resolving "codespaces+cliffcheney-code50-11088342-5gq974gpw66hxxp"
[Client:extension:70ad:resolver:resolve:1 I] codespace: "cliffcheney-code50-11088342-5gq974gpw66hxxp", fetching details
[Client:extension:70ad:resolver:resolve:1:fetch-codespace-info I] fetching codespace details for "cliffcheney-code50-11088342-5gq974gpw66hxxp"
[Client V] connect duration: 3 ms
[Client:extension:70ad:resolver E] resolve failed (1 retries left): > object #0: Please sign in to the GitHub Codespaces extension before connecting to a codespace.
  at fetchCodespaceInfo (/home/nikonius/.vscode/extensions/github.codespaces-1.10.6/src/utils/fetchCodespaceInfo.ts:81:38)
  at /home/nikonius/.vscode/extensions/utils/dist/src/utils/withMutexByArguments.js:60:1
  at Generator.next (<anonymous>)
  at /home/nikonius/.vscode/extensions/utils/dist/src/utils/withMutexByArguments.js:8:1
  at new Promise (<anonymous>)
  at __webpack_modules__.27746.__awaiter (/home/nikonius/.vscode/extensions/utils/dist/src/utils/withMutexByArguments.js:4:1)
  at Timeout._onTimeout (/home/nikonius/.vscode/extensions/utils/dist/src/utils/withMutexByArguments.js:58:1)
  at listOnTimeout (node:internal/timers:559:17)
  at processTimers (node:internal/timers:502:7)
[Client:extension:70ad:resolver V] attaching client logs
[Client:extension:70ad:resolver V] attaching client logs
[Client:extension:70ad:resolver:workspace-hub-client:logs: V] subscribing to onDispose event
[Client:extension:70ad:resolver:workspace-hub-client:logs: I] hub client successfully created on pipe:hw.d5d3e0d1729f1aad5c97997976479319
[Client V] < logService.getLogs()
[Client V] > logService.getLogs() succeeded t:4.0
[Client:extension:70ad:resolver V] attaching client logs
[Client:extension:70ad:resolver:resolve:1 I] resolve retry #0
[Client:extension:70ad:resolver:resolve:1 I] resolving "codespaces+cliffcheney-code50-11088342-5gq974gpw66hxxp"
[Client:extension:70ad:resolver:resolve:1 I] codespace: "cliffcheney-code50-11088342-5gq974gpw66hxxp", fetching details
[Client:extension:70ad:resolver:resolve:1:fetch-codespace-info I] fetching codespace details for "cliffcheney-code50-11088342-5gq974gpw66hxxp"
[Client V] connect duration: 6 ms
[Client:extension:70ad:resolver E] resolve failed (0 retries left): > object #0: Please sign in to the GitHub Codespaces extension before connecting to a codespace.
  at fetchCodespaceInfo (/home/nikonius/.vscode/extensions/github.codespaces-1.10.6/src/utils/fetchCodespaceInfo.ts:81:38)
  at /home/nikonius/.vscode/extensions/utils/dist/src/utils/withMutexByArguments.js:60:1
  at Generator.next (<anonymous>)
  at /home/nikonius/.vscode/extensions/utils/dist/src/utils/withMutexByArguments.js:8:1
  at new Promise (<anonymous>)
  at __webpack_modules__.27746.__awaiter (/home/nikonius/.vscode/extensions/utils/dist/src/utils/withMutexByArguments.js:4:1)
  at Timeout._onTimeout (/home/nikonius/.vscode/extensions/utils/dist/src/utils/withMutexByArguments.js:58:1)
  at listOnTimeout (node:internal/timers:559:17)
  at processTimers (node:internal/timers:502:7)
[Client:extension:70ad:resolver V] attaching client logs
[Client:extension:70ad:resolver V] attaching client logs
[Client:extension:70ad:resolver:workspace-hub-client:logs: V] subscribing to onDispose event
[Client:extension:70ad:resolver:workspace-hub-client:logs: I] hub client successfully created on pipe:hw.d5d3e0d1729f1aad5c97997976479319
[Client V] < logService.getLogs()
[Client V] > logService.getLogs() succeeded t:6.0
[Client:extension:70ad:resolver V] attaching client logs
[Client:extension:70ad:resolver:dialog:ask-user-to-exit I] asking user to exit the Codespace
