[Client I] isRunningInWeb: "false"
[Client V] Initializing authentication
[Authentication I] Did not find existing login session
[Authentication I] Did not find existing login session
[API I] Signing out due to unsuccessful sign in attempt
[Client:extension:518c I] initializing
[Client:extension:518c I] creating LiveShare ConnectionHub, with type: "main thread"
[Client:extension:518c I] 1 connections used: > object #0: [object Object]
[Client:extension:518c:resolver I] created with protocol "codespaces"
[RemoteExplorer I] Updating codespace performance info
[ProtocolHandler I] Received connect event: vscode://github.codespaces/connect?name%3Dcliffcheney-code50-11088342-5gq974gpw66hxxp
[ProtocolHandler I] Connecting to codespace cliffcheney-code50-11088342-5gq974gpw66hxxp
[Command:Connect I] Decorator starting: ErrorNotification
[Command:Connect I] Decorator starting: Telemetry
[Command:SignIn I] Decorator starting: ErrorNotification
[Command:SignIn I] Decorator starting: Telemetry
[Authentication V] Already signed in
[Authentication I] Successfully signed in
[API I] Successfully signed in
[Command:SignIn I] Command [Sign In]: Sign In Success (24744ms)
[Command:SignIn I] Decorator finishing: Telemetry. Duration: 73ms (0 + 73)
[Command:SignIn I] Decorator finishing: ErrorNotification. Duration: 1ms (0 + 1)
[API:retries-left-2 I] making GET request for "https://api.github.com/user/codespaces/cliffcheney-code50-11088342-5gq974gpw66hxxp"
[RemoteExplorer I] Updating codespace performance info
[RemoteExplorer I] Updating codespace performance info
[RemoteExplorer I] Updating codespace performance info
[RemoteExplorer I] Updating codespace performance info
[Command:Connect I] Command [Connect to Codespace]: Connect to Codespace Success (30935ms)
[Command:Connect I] Decorator finishing: Telemetry. Duration: 4ms (1 + 3)
[Command:Connect I] Decorator finishing: ErrorNotification. Duration: 0ms (0 + 0)
[Client:extension:518c:resolver V] disposing reason: 'vscode disposed the resolver', disposing 2 objects
