INFO  2022-10-05T22:41:18.764 ThreadId(6) [1P:op-settings/src/store/json_store.rs:50] Settings file "/home/$USER/.config/1Password/settings/settings.json" missing, using defaults.
INFO  2022-10-05T22:41:18.778 ThreadId(6) [client:typescript] Client starting.
ERROR 2022-10-05T22:41:19.130 ThreadId(6) [1P:ffi/core-node/src/lib.rs:790] Failed to load crash reports from disk: Os { code: 2, kind: NotFound, message: "No such file or directory" }
INFO  2022-10-05T22:41:19.138 tokio-runtime-worker(ThreadId(2)) [1P:native-messaging/op-native-core-integration/src/lib.rs:281] Starting IPC listener on 1Password-BrowserSupport
INFO  2022-10-05T22:41:19.140 tokio-runtime-worker(ThreadId(2)) [1P:native-messaging/op-native-core-integration/src/lib.rs:293] Active native core integration is awaiting messages
INFO  2022-10-05T22:41:19.140 ThreadId(6) [1P:op-localization/src/lib.rs:236] system locale detected as 'en_US'
INFO  2022-10-05T22:41:19.140 ThreadId(6) [1P:op-localization/src/lib.rs:262] selected translations for EN_US based on detected locale en-US
INFO  2022-10-05T22:41:19.140 ThreadId(6) [status:op-app/src/app.rs:387] App::new(1Password for Linux/80904044 (EN_US), /home/$USER/.config/1Password/1password.sqlite)
INFO  2022-10-05T22:41:19.156 ThreadId(6) [1P:op-db/src/db.rs:120] Starting DB at version: 0
INFO  2022-10-05T22:41:19.156 ThreadId(6) [1P:op-db/src/db.rs:128] Database is being created at '/home/$USER/.config/1Password/1password.sqlite' (sqlite: 3035004)
INFO  2022-10-05T22:41:19.165 ThreadId(6) [1P:op-db/src/db.rs:392] Updated DB Schema to version 001
INFO  2022-10-05T22:41:19.173 ThreadId(6) [1P:op-db/src/db.rs:413] Updated DB Schema to version 002
INFO  2022-10-05T22:41:19.189 ThreadId(6) [1P:op-db/src/db.rs:424] Updated DB Schema to version 003
INFO  2022-10-05T22:41:19.200 ThreadId(6) [1P:op-db/src/db.rs:439] Updated DB Schema to version 005
INFO  2022-10-05T22:41:19.208 ThreadId(6) [1P:op-db/src/db.rs:454] Updated DB Schema to version 006
INFO  2022-10-05T22:41:19.214 ThreadId(6) [1P:op-db/src/db.rs:467] Updated DB Schema to version 007
INFO  2022-10-05T22:41:19.219 ThreadId(6) [1P:op-db/src/db.rs:480] Updated DB Schema to version 008
INFO  2022-10-05T22:41:19.225 ThreadId(6) [1P:op-db/src/db.rs:493] Updated DB Schema to version 009
INFO  2022-10-05T22:41:19.231 ThreadId(6) [1P:op-db/src/db.rs:506] Updated DB Schema to version 011
INFO  2022-10-05T22:41:19.231 ThreadId(6) [1P:op-db/src/db.rs:520] Updated DB Schema to version 012
INFO  2022-10-05T22:41:19.238 ThreadId(6) [1P:op-db/src/db.rs:533] Updated DB Schema to version 013
INFO  2022-10-05T22:41:19.243 ThreadId(6) [1P:op-db/src/db.rs:546] Updated DB Schema to version 014
INFO  2022-10-05T22:41:19.250 ThreadId(6) [1P:op-db/src/db.rs:559] Updated DB Schema to version 015
INFO  2022-10-05T22:41:19.258 ThreadId(6) [1P:op-db/src/db.rs:572] Updated DB Schema to version 016
INFO  2022-10-05T22:41:19.267 ThreadId(6) [1P:op-db/src/db.rs:585] Updated DB Schema to version 017
INFO  2022-10-05T22:41:19.277 ThreadId(6) [1P:op-db/src/db.rs:598] Updated DB Schema to version 018
INFO  2022-10-05T22:41:19.282 ThreadId(6) [1P:op-db/src/db.rs:611] Updated DB Schema to version 019
INFO  2022-10-05T22:41:19.295 ThreadId(6) [1P:op-db/src/db.rs:723] Updated DB Schema to version 021
INFO  2022-10-05T22:41:19.305 ThreadId(6) [1P:op-db/src/db.rs:736] Updated DB Schema to version 022
INFO  2022-10-05T22:41:19.314 ThreadId(6) [1P:op-db/src/db.rs:749] Updated DB Schema to version 023
INFO  2022-10-05T22:41:19.321 ThreadId(6) [1P:op-db/src/db.rs:762] Updated DB Schema to version 024
INFO  2022-10-05T22:41:19.330 ThreadId(6) [1P:op-db/src/db.rs:775] Updated DB Schema to version 025
ERROR 2022-10-05T22:41:19.345 ThreadId(6) [1P:ssh/op-ssh-config/src/lib.rs:153] Could not open ssh config file in ~/.ssh/config
ERROR 2022-10-05T22:41:19.346 ThreadId(6) [1P:ffi/core-node/src/lib.rs:65] Attempted to notify uninitialized App
ERROR 2022-10-05T22:41:19.347 ThreadId(6) [1P:/builds/dev/core/core/ssh/op-ssh-config/src/lib.rs:140] Failed to start ssh config file watcher: Io(Os { code: 2, kind: NotFound, message: "No such file or directory" })
INFO  2022-10-05T22:41:19.361 op_executor:invocation_loop(ThreadId(11)) [1P:native-messaging/op-nm-installer/src/nix_utils.rs:48] Creating manifest directory for Chromium at /home/$USER/.config/google-chrome/NativeMessagingHosts
INFO  2022-10-05T22:41:19.361 op_executor:invocation_loop(ThreadId(11)) [1P:native-messaging/op-nm-installer/src/nix_utils.rs:68] Created NMH manifest at /home/$USER/.config/google-chrome/NativeMessagingHosts/com.1password.1password.json
INFO  2022-10-05T22:41:19.361 op_executor:invocation_loop(ThreadId(11)) [1P:native-messaging/op-nm-installer/src/nix_utils.rs:48] Creating manifest directory for Chromium at /home/$USER/.config/google-chrome-beta/NativeMessagingHosts
INFO  2022-10-05T22:41:19.361 op_executor:invocation_loop(ThreadId(11)) [1P:native-messaging/op-nm-installer/src/nix_utils.rs:68] Created NMH manifest at /home/$USER/.config/google-chrome-beta/NativeMessagingHosts/com.1password.1password.json
INFO  2022-10-05T22:41:19.361 op_executor:invocation_loop(ThreadId(11)) [1P:native-messaging/op-nm-installer/src/nix_utils.rs:48] Creating manifest directory for Chromium at /home/$USER/.config/google-chrome-unstable/NativeMessagingHosts
INFO  2022-10-05T22:41:19.361 op_executor:invocation_loop(ThreadId(11)) [1P:native-messaging/op-nm-installer/src/nix_utils.rs:68] Created NMH manifest at /home/$USER/.config/google-chrome-unstable/NativeMessagingHosts/com.1password.1password.json
INFO  2022-10-05T22:41:19.362 op_executor:invocation_loop(ThreadId(11)) [1P:native-messaging/op-nm-installer/src/nix_utils.rs:48] Creating manifest directory for Chromium at /home/$USER/.config/chromium/NativeMessagingHosts
INFO  2022-10-05T22:41:19.362 op_executor:invocation_loop(ThreadId(11)) [1P:native-messaging/op-nm-installer/src/nix_utils.rs:68] Created NMH manifest at /home/$USER/.config/chromium/NativeMessagingHosts/com.1password.1password.json
INFO  2022-10-05T22:41:19.362 op_executor:invocation_loop(ThreadId(11)) [1P:native-messaging/op-nm-installer/src/nix_utils.rs:48] Creating manifest directory for Chromium at /home/$USER/.config/microsoft-edge-dev/NativeMessagingHosts
INFO  2022-10-05T22:41:19.362 op_executor:invocation_loop(ThreadId(11)) [1P:native-messaging/op-nm-installer/src/nix_utils.rs:68] Created NMH manifest at /home/$USER/.config/microsoft-edge-dev/NativeMessagingHosts/com.1password.1password.json
INFO  2022-10-05T22:41:19.362 op_executor:invocation_loop(ThreadId(11)) [1P:native-messaging/op-nm-installer/src/nix_utils.rs:48] Creating manifest directory for Chromium at /home/$USER/.config/BraveSoftware/Brave-Browser/NativeMessagingHosts
INFO  2022-10-05T22:41:19.362 op_executor:invocation_loop(ThreadId(11)) [1P:native-messaging/op-nm-installer/src/nix_utils.rs:68] Created NMH manifest at /home/$USER/.config/BraveSoftware/Brave-Browser/NativeMessagingHosts/com.1password.1password.json
INFO  2022-10-05T22:41:19.362 op_executor:invocation_loop(ThreadId(11)) [1P:native-messaging/op-nm-installer/src/nix_utils.rs:48] Creating manifest directory for Chromium at /home/$USER/.config/vivaldi/NativeMessagingHosts
INFO  2022-10-05T22:41:19.363 op_executor:invocation_loop(ThreadId(11)) [1P:native-messaging/op-nm-installer/src/nix_utils.rs:68] Created NMH manifest at /home/$USER/.config/vivaldi/NativeMessagingHosts/com.1password.1password.json
INFO  2022-10-05T22:41:19.363 op_executor:invocation_loop(ThreadId(11)) [1P:native-messaging/op-nm-installer/src/nix_utils.rs:48] Creating manifest directory for Chromium at /home/$USER/.config/vivaldi-snapshot/NativeMessagingHosts
INFO  2022-10-05T22:41:19.363 op_executor:invocation_loop(ThreadId(11)) [1P:native-messaging/op-nm-installer/src/nix_utils.rs:68] Created NMH manifest at /home/$USER/.config/vivaldi-snapshot/NativeMessagingHosts/com.1password.1password.json
INFO  2022-10-05T22:41:19.364 op_executor:invocation_loop(ThreadId(11)) [1P:native-messaging/op-nm-installer/src/nix_utils.rs:68] Created NMH manifest at /home/$USER/.mozilla/native-messaging-hosts/com.1password.1password.json
INFO  2022-10-05T22:41:19.364 op_executor:invocation_loop(ThreadId(11)) [1P:native-messaging/op-nm-installer/src/nix_utils.rs:83] Successfully installed all native messaging manifests.
INFO  2022-10-05T22:41:19.401 tokio-runtime-worker(ThreadId(2)) [1P:op-settings/src/store/json_store.rs:50] Settings file "/home/$USER/.config/1Password/settings/settings.json" missing, using defaults.
INFO  2022-10-05T22:46:10.469 tokio-runtime-worker(ThreadId(4)) [1P:op-app/src/app/backend/signin.rs:618] cancelling a sign in session
INFO  2022-10-05T22:46:14.922 op_executor:invocation_loop(ThreadId(11)) [1P:op-app/src/app/backend/frontend.rs:27] Front end event: window closed
INFO  2022-10-05T22:46:14.922 op_executor:invocation_loop(ThreadId(11)) [1P:op-app/src/app/backend/frontend.rs:66] Front end event: app will quit
